INFO:__main__:Args(for__add__: [255, 255, 100 | 1, 2, 4]
INFO:__main__:Result __add__ -> 255, 255, 104
INFO:__main__:Args(for__add__: [1, 2, 4 | 255, 255, 100]
INFO:__main__:Result __add__ -> 255, 255, 104
INFO:__main__:Args(for__sub__: [255, 255, 100 | 1, 2, 4]
INFO:__main__:Result __sub__ -> 254, 253, 96
INFO:__main__:Args(for__sub__: [1, 2, 4 | 255, 255, 100]
INFO:__main__:Result __sub__ -> 0, 0, 0
INFO:__main__:Args(for__mul__: [255, 255, 100 | 2]
INFO:__main__:Result __mul__ -> 255, 255, 200
INFO:__main__:Args(for__mul__: [255, 255, 100 | 2]
INFO:__main__:Result __mul__ -> 255, 255, 200
INFO:__main__:Args(for__truediv__: [255, 255, 100 | 2]
INFO:__main__:Result __truediv__ -> 127, 127, 50
INFO:__main__:Args(for__truediv__: [255, 255, 100 | 9e-05]
INFO:__main__:Result __truediv__ -> 255, 255, 255
INFO:__main__:Args(for__truediv__: [1, 2, 4 | 9]
INFO:__main__:Result __truediv__ -> 0, 0, 0
INFO:__main__:Args(for__eq__: [255, 255, 100 | 1, 2, 4]
INFO:__main__:Result __eq__ -> False
INFO:__main__:Args(for__eq__: [255, 255, 100 | 255, 255, 100]
INFO:__main__:Result __eq__ -> True

